0 info it worked if it ends with ok
1 verbose cli [ '/usr/local/Cellar/node/6.4.0/bin/node',
1 verbose cli   '/usr/local/bin/npm',
1 verbose cli   'run',
1 verbose cli   'front' ]
2 info using npm@3.10.3
3 info using node@v6.4.0
4 verbose run-script [ 'prefront', 'front', 'postfront' ]
5 info lifecycle react-test@1.0.0~prefront: react-test@1.0.0
6 silly lifecycle react-test@1.0.0~prefront: no script for prefront, continuing
7 info lifecycle react-test@1.0.0~front: react-test@1.0.0
8 verbose lifecycle react-test@1.0.0~front: unsafe-perm in lifecycle true
9 verbose lifecycle react-test@1.0.0~front: PATH: /usr/local/lib/node_modules/npm/bin/node-gyp-bin:/Users/sharius/Projects/ReactBasicsProject/node_modules/.bin:/usr/local/Cellar/node/6.4.0/bin:/usr/bin:/bin:/usr/sbin:/sbin:/usr/local/bin
10 verbose lifecycle react-test@1.0.0~front: CWD: /Users/sharius/Projects/ReactBasicsProject
11 silly lifecycle react-test@1.0.0~front: Args: [ '-c', '"webpack -w"' ]
12 info lifecycle react-test@1.0.0~front: Failed to exec front script
13 verbose stack Error: react-test@1.0.0 front: `"webpack -w"`
13 verbose stack spawn ENOENT
13 verbose stack     at ChildProcess.<anonymous> (/usr/local/lib/node_modules/npm/lib/utils/spawn.js:33:16)
13 verbose stack     at emitTwo (events.js:106:13)
13 verbose stack     at ChildProcess.emit (events.js:191:7)
13 verbose stack     at maybeClose (internal/child_process.js:852:16)
13 verbose stack     at Process.ChildProcess._handle.onexit (internal/child_process.js:215:5)
14 verbose pkgid react-test@1.0.0
15 verbose cwd /Users/sharius/Projects/ReactBasicsProject/www
16 error Darwin 15.5.0
17 error argv "/usr/local/Cellar/node/6.4.0/bin/node" "/usr/local/bin/npm" "run" "front"
18 error node v6.4.0
19 error npm  v3.10.3
20 error file sh
21 error code ELIFECYCLE
22 error errno ENOENT
23 error syscall spawn
24 error react-test@1.0.0 front: `"webpack -w"`
24 error spawn ENOENT
25 error Failed at the react-test@1.0.0 front script '"webpack -w"'.
25 error Make sure you have the latest version of node.js and npm installed.
25 error If you do, this is most likely a problem with the react-test package,
25 error not with npm itself.
25 error Tell the author that this fails on your system:
25 error     "webpack -w"
25 error You can get information on how to open an issue for this project with:
25 error     npm bugs react-test
25 error Or if that isn't available, you can get their info via:
25 error     npm owner ls react-test
25 error There is likely additional logging output above.
26 verbose exit [ 1, true ]
